<?xml version="1.0" encoding="UTF-8"?>
<!-- Generated by org.testng.reporters.JUnitXMLReporter -->
<testsuite ignored="0" hostname="LAPTOP-B3TAV84I" failures="1" tests="1" name="Test(failed)" time="0.024" errors="0" timestamp="03 Jun 2024 07:29:16 GMT">
  <testcase classname="org.run.A" name="tc1" time="0.0">
    <failure type="org.testng.TestNGException" message="
Parameter &amp;apos;browser&amp;apos; is required by @Test on method tc1 but has not been marked @Optional or defined
in C:\Users\JAGADESH D\eclipse-workspace\WindowHandling\Cookieman\test-output\testng-failed.xml">
      <![CDATA[org.testng.TestNGException: 
Parameter 'browser' is required by @Test on method tc1 but has not been marked @Optional or defined
in C:\Users\JAGADESH D\eclipse-workspace\WindowHandling\Cookieman\test-output\testng-failed.xml
at java.base/java.util.concurrent.ThreadPoolExecutor.runWorker(ThreadPoolExecutor.java:1128)
at java.base/java.util.concurrent.ThreadPoolExecutor$Worker.run(ThreadPoolExecutor.java:628)
at java.base/java.lang.Thread.run(Thread.java:834)
... Removed 9 stack frames]]>
    </failure>
  </testcase> <!-- tc1 -->
</testsuite> <!-- Test(failed) -->
