<?xml version="1.0" encoding="UTF-8"?>
<!-- Generated by org.testng.reporters.JUnitReportReporter -->
<testsuite hostname="LAPTOP-B3TAV84I" failures="0" tests="1" name="org.run.A" time="0.000" errors="1" timestamp="03 Jun 2024 07:29:16 GMT" skipped="0">
  <testcase classname="org.run.A" name="tc1" time="0.000">
    <error message="
Parameter &#039;browser&#039; is required by @Test on method tc1 but has not been marked @Optional or defined
in C:\Users\JAGADESH D\eclipse-workspace\WindowHandling\Cookieman\test-output\testng-failed.xml" type="org.testng.TestNGException">
      <![CDATA[org.testng.TestNGException: 
Parameter 'browser' is required by @Test on method tc1 but has not been marked @Optional or defined
in C:\Users\JAGADESH D\eclipse-workspace\WindowHandling\Cookieman\test-output\testng-failed.xml
at org.testng.internal.Parameters.createParams(Parameters.java:290)
at org.testng.internal.Parameters.createParametersForMethod(Parameters.java:359)
at org.testng.internal.Parameters.createParameters(Parameters.java:620)
at org.testng.internal.Parameters.handleParameters(Parameters.java:769)
at org.testng.internal.ParameterHandler.handleParameters(ParameterHandler.java:49)
at org.testng.internal.ParameterHandler.createParameters(ParameterHandler.java:37)
at org.testng.internal.Invoker.invokeTestMethods(Invoker.java:924)
at org.testng.internal.TestMethodWorker.invokeTestMethods(TestMethodWorker.java:125)
at org.testng.internal.TestMethodWorker.run(TestMethodWorker.java:109)
at java.base/java.util.concurrent.ThreadPoolExecutor.runWorker(ThreadPoolExecutor.java:1128)
at java.base/java.util.concurrent.ThreadPoolExecutor$Worker.run(ThreadPoolExecutor.java:628)
at java.base/java.lang.Thread.run(Thread.java:834)
]]>
    </error>
  </testcase> <!-- tc1 -->
</testsuite> <!-- org.run.A -->
